<?xml version="1.0" encoding="UTF-8"?>
<testng-results ignored="0" total="3" passed="3" failed="0" skipped="0">
  <reporter-output>
  </reporter-output>
  <suite started-at="2024-04-07T20:00:33 IST" name="Parameters Suite" finished-at="2024-04-07T20:00:48 IST" duration-ms="15726">
    <groups>
    </groups>
    <test started-at="2024-04-07T20:00:33 IST" name="Pass Parameters Test" finished-at="2024-04-07T20:00:39 IST" duration-ms="6117">
      <class name="DemoTestNG.ParameterizedTest">
        <test-method is-config="true" signature="setUp(java.lang.String)[pri:0, instance:DemoTestNG.ParameterizedTest@1c93084c]" started-at="2024-04-07T20:00:33 IST" name="setUp" finished-at="2024-04-07T20:00:35 IST" duration-ms="2302" status="PASS">
          <params>
            <param index="0">
              <value>
                <![CDATA[https://www.lambdatest.com/selenium-playground/]]>
              </value>
            </param>
          </params>
          <reporter-output>
          </reporter-output>
        </test-method> <!-- setUp -->
        <test-method signature="testFileDownload(java.lang.String,java.lang.String)[pri:0, instance:DemoTestNG.ParameterizedTest@1c93084c]" started-at="2024-04-07T20:00:35 IST" name="testFileDownload" finished-at="2024-04-07T20:00:36 IST" duration-ms="629" status="PASS">
          <params>
            <param index="0">
              <value>
                <![CDATA[Download File]]>
              </value>
            </param>
            <param index="1">
              <value>
                <![CDATA[Pass]]>
              </value>
            </param>
          </params>
          <reporter-output>
          </reporter-output>
        </test-method> <!-- testFileDownload -->
        <test-method is-config="true" signature="tearDown()[pri:0, instance:DemoTestNG.ParameterizedTest@1c93084c]" started-at="2024-04-07T20:00:36 IST" name="tearDown" finished-at="2024-04-07T20:00:39 IST" duration-ms="3150" status="PASS">
          <reporter-output>
          </reporter-output>
        </test-method> <!-- tearDown -->
      </class> <!-- DemoTestNG.ParameterizedTest -->
    </test> <!-- Pass Parameters Test -->
    <test started-at="2024-04-07T20:00:39 IST" name="Fail Parameters Test" finished-at="2024-04-07T20:00:44 IST" duration-ms="4737">
      <class name="DemoTestNG.ParameterizedTest">
        <test-method is-config="true" signature="setUp(java.lang.String)[pri:0, instance:DemoTestNG.ParameterizedTest@9225652]" started-at="2024-04-07T20:00:39 IST" name="setUp" finished-at="2024-04-07T20:00:40 IST" duration-ms="1141" status="PASS">
          <params>
            <param index="0">
              <value>
                <![CDATA[https://www.lambdatest.com/selenium-playground/]]>
              </value>
            </param>
          </params>
          <reporter-output>
          </reporter-output>
        </test-method> <!-- setUp -->
        <test-method signature="testFileDownload(java.lang.String,java.lang.String)[pri:0, instance:DemoTestNG.ParameterizedTest@9225652]" started-at="2024-04-07T20:00:40 IST" name="testFileDownload" finished-at="2024-04-07T20:00:40 IST" duration-ms="450" status="PASS">
          <params>
            <param index="0">
              <value>
                <![CDATA[Download File]]>
              </value>
            </param>
            <param index="1">
              <value>
                <![CDATA[Fail]]>
              </value>
            </param>
          </params>
          <reporter-output>
          </reporter-output>
        </test-method> <!-- testFileDownload -->
        <test-method is-config="true" signature="tearDown()[pri:0, instance:DemoTestNG.ParameterizedTest@9225652]" started-at="2024-04-07T20:00:40 IST" name="tearDown" finished-at="2024-04-07T20:00:44 IST" duration-ms="3145" status="PASS">
          <reporter-output>
          </reporter-output>
        </test-method> <!-- tearDown -->
      </class> <!-- DemoTestNG.ParameterizedTest -->
    </test> <!-- Fail Parameters Test -->
    <test started-at="2024-04-07T20:00:44 IST" name="Skip Parameters Test" finished-at="2024-04-07T20:00:48 IST" duration-ms="4847">
      <class name="DemoTestNG.ParameterizedTest">
        <test-method is-config="true" signature="setUp(java.lang.String)[pri:0, instance:DemoTestNG.ParameterizedTest@7e0b85f9]" started-at="2024-04-07T20:00:44 IST" name="setUp" finished-at="2024-04-07T20:00:45 IST" duration-ms="1202" status="PASS">
          <params>
            <param index="0">
              <value>
                <![CDATA[https://www.lambdatest.com/selenium-playground/]]>
              </value>
            </param>
          </params>
          <reporter-output>
          </reporter-output>
        </test-method> <!-- setUp -->
        <test-method signature="testFileDownload(java.lang.String,java.lang.String)[pri:0, instance:DemoTestNG.ParameterizedTest@7e0b85f9]" started-at="2024-04-07T20:00:45 IST" name="testFileDownload" finished-at="2024-04-07T20:00:45 IST" duration-ms="486" status="PASS">
          <params>
            <param index="0">
              <value>
                <![CDATA[Download File]]>
              </value>
            </param>
            <param index="1">
              <value>
                <![CDATA[Skip]]>
              </value>
            </param>
          </params>
          <reporter-output>
          </reporter-output>
        </test-method> <!-- testFileDownload -->
        <test-method is-config="true" signature="tearDown()[pri:0, instance:DemoTestNG.ParameterizedTest@7e0b85f9]" started-at="2024-04-07T20:00:45 IST" name="tearDown" finished-at="2024-04-07T20:00:48 IST" duration-ms="3155" status="PASS">
          <reporter-output>
          </reporter-output>
        </test-method> <!-- tearDown -->
      </class> <!-- DemoTestNG.ParameterizedTest -->
    </test> <!-- Skip Parameters Test -->
  </suite> <!-- Parameters Suite -->
</testng-results>
